Ready to run!

Loading file:
/home/ju/Documents/Github/sharc/sharc/input/imt_dl_ras_luciano.ini

IMT:
	interfered with: False
	direction: DOWNLINK
	frequency: 10.250 GHz
	bandwidth: 100 MHz
	spurious emissions: -13 dBm/MHz
	topology: HOTSPOT
	path loss model: UMi
RAS:
	frequency: 10.650 GHz
	bandwidth: 100 MHz
	path loss model: P452
	antenna pattern: OMNI

Simulation is running...
Snapshot #10
Snapshot #20
Snapshot #30
Snapshot #40
Snapshot #50
Snapshot #60
Snapshot #70
Snapshot #80
Snapshot #90
Snapshot #100
FINISHED!
Elapsed time: 00 h 01 min 05 seg
Loading file:
/home/ju/Documents/Github/sharc/sharc/input/imt_dl_ras_luciano.ini

IMT:
	interfered with: False
	direction: DOWNLINK
	frequency: 10.250 GHz
	bandwidth: 100 MHz
	spurious emissions: -13 dBm/MHz
	topology: HOTSPOT
	path loss model: UMi
RAS:
	frequency: 10.650 GHz
	bandwidth: 100 MHz
	path loss model: P452
	antenna pattern: OMNI

Simulation is running...
Snapshot #10
Snapshot #20
Snapshot #30
Snapshot #40
Snapshot #50
Snapshot #60
Snapshot #70
Snapshot #80
Snapshot #90
Snapshot #100
FINISHED!
Elapsed time: 00 h 00 min 52 seg
Loading file:
/home/ju/Documents/Github/sharc/sharc/input/imt_dl_ras_luciano.ini

IMT:
	interfered with: False
	direction: DOWNLINK
	frequency: 10.250 GHz
	bandwidth: 100 MHz
	spurious emissions: -13 dBm/MHz
	topology: HOTSPOT
	path loss model: UMi
RAS:
	frequency: 10.650 GHz
	bandwidth: 100 MHz
	path loss model: P452
	antenna pattern: OMNI

Simulation is running...
Snapshot #10
Snapshot #20
Snapshot #30
Snapshot #40
Snapshot #50
Snapshot #60
Snapshot #70
Snapshot #80
Snapshot #90
Snapshot #100
FINISHED!
Elapsed time: 00 h 01 min 29 seg
Loading file:
/home/ju/Documents/Github/sharc/sharc/input/imt_dl_ras_luciano.ini

IMT:
	interfered with: False
	direction: DOWNLINK
	frequency: 10.250 GHz
	bandwidth: 100 MHz
	spurious emissions: -13 dBm/MHz
	topology: HOTSPOT
	path loss model: UMi
RAS:
	frequency: 10.650 GHz
	bandwidth: 100 MHz
	path loss model: P452
	antenna pattern: OMNI

Simulation is running...
Snapshot #10
Snapshot #20
Snapshot #30
Snapshot #40
Snapshot #50
Snapshot #60
Snapshot #70
Snapshot #80
Snapshot #90
Snapshot #100
FINISHED!
Elapsed time: 00 h 00 min 52 seg
Loading file:
/home/ju/Documents/Github/sharc/sharc/input/imt_dl_ras_luciano.ini

IMT:
	interfered with: False
	direction: DOWNLINK
	frequency: 10.250 GHz
	bandwidth: 100 MHz
	spurious emissions: -13 dBm/MHz
	topology: HOTSPOT
	path loss model: UMi
RAS:
	frequency: 10.650 GHz
	bandwidth: 100 MHz
	path loss model: P452
	antenna pattern: OMNI

Simulation is running...
Snapshot #10
Snapshot #20
Snapshot #30
Snapshot #40
Snapshot #50
Snapshot #60
Snapshot #70
Snapshot #80
Snapshot #90
Snapshot #100
FINISHED!
Elapsed time: 00 h 01 min 04 seg
Loading file:
/home/ju/Documents/Github/sharc/sharc/input/imt_dl_ras_luciano.ini

IMT:
	interfered with: False
	direction: DOWNLINK
	frequency: 10.250 GHz
	bandwidth: 100 MHz
	spurious emissions: -13 dBm/MHz
	topology: HOTSPOT
	path loss model: UMi
RAS:
	frequency: 10.650 GHz
	bandwidth: 100 MHz
	path loss model: P452
	antenna pattern: OMNI

Simulation is running...
Snapshot #10
Snapshot #20
Snapshot #30
Snapshot #40
Snapshot #50
Snapshot #60
Snapshot #70
Snapshot #80
Snapshot #90
Snapshot #100
FINISHED!
Elapsed time: 00 h 01 min 10 seg
Loading file:
/home/ju/Documents/Github/sharc/sharc/input/imt_dl_ras_luciano.ini

IMT:
	interfered with: False
	direction: DOWNLINK
	frequency: 10.250 GHz
	bandwidth: 100 MHz
	spurious emissions: -13 dBm/MHz
	topology: HOTSPOT
	path loss model: UMi
RAS:
	frequency: 10.650 GHz
	bandwidth: 100 MHz
	path loss model: P452
	antenna pattern: OMNI

Simulation is running...
Snapshot #10
Snapshot #20
Snapshot #30
Snapshot #40
Snapshot #50
Snapshot #60
Snapshot #70
Snapshot #80
Snapshot #90
Snapshot #100
FINISHED!
Elapsed time: 00 h 01 min 06 seg
Loading file:
/home/ju/Documents/Github/sharc/sharc/input/imt_dl_ras_luciano.ini

IMT:
	interfered with: False
	direction: DOWNLINK
	frequency: 10.250 GHz
	bandwidth: 100 MHz
	spurious emissions: -13 dBm/MHz
	topology: HOTSPOT
	path loss model: UMi
RAS:
	frequency: 10.650 GHz
	bandwidth: 100 MHz
	path loss model: P452
	antenna pattern: OMNI

Simulation is running...
Snapshot #10
Snapshot #20
Snapshot #30
Snapshot #40
Snapshot #50
Snapshot #60
Snapshot #70
Snapshot #80
Snapshot #90
Snapshot #100
FINISHED!
Elapsed time: 00 h 01 min 06 seg
Loading file:
/home/ju/Documents/Github/sharc/sharc/input/imt_dl_ras_luciano.ini

IMT:
	interfered with: False
	direction: DOWNLINK
	frequency: 10.250 GHz
	bandwidth: 100 MHz
	spurious emissions: -13 dBm/MHz
	topology: HOTSPOT
	path loss model: UMi
RAS:
	frequency: 10.650 GHz
	bandwidth: 100 MHz
	path loss model: P452
	antenna pattern: OMNI

Simulation is running...
Snapshot #10
Snapshot #20
Snapshot #30
Snapshot #40
Snapshot #50
Snapshot #60
Snapshot #70
Snapshot #80
Snapshot #90
Snapshot #100
FINISHED!
Elapsed time: 00 h 01 min 08 seg
Loading file:
/home/ju/Documents/Github/sharc/sharc/input/imt_dl_ras_luciano.ini

IMT:
	interfered with: False
	direction: DOWNLINK
	frequency: 10.250 GHz
	bandwidth: 100 MHz
	spurious emissions: -13 dBm/MHz
	topology: HOTSPOT
	path loss model: UMi
RAS:
	frequency: 10.650 GHz
	bandwidth: 100 MHz
	path loss model: P452
	antenna pattern: OMNI

Simulation is running...
Snapshot #10
Snapshot #20
Snapshot #30
Snapshot #40
Snapshot #50
Snapshot #60
Snapshot #70
Snapshot #80
Snapshot #90
Snapshot #100
FINISHED!
Elapsed time: 00 h 01 min 05 seg
Loading file:
/home/ju/Documents/Github/sharc/sharc/input/imt_dl_ras_luciano.ini

IMT:
	interfered with: False
	direction: DOWNLINK
	frequency: 10.250 GHz
	bandwidth: 100 MHz
	spurious emissions: -13 dBm/MHz
	topology: HOTSPOT
	path loss model: UMi
RAS:
	frequency: 10.650 GHz
	bandwidth: 100 MHz
	path loss model: P452
	antenna pattern: OMNI

Simulation is running...
Snapshot #10
Snapshot #20
Snapshot #30
Snapshot #40
Snapshot #50
Snapshot #60
Snapshot #70
Snapshot #80
Snapshot #90
Snapshot #100
FINISHED!
Elapsed time: 00 h 01 min 06 seg
Loading file:
/home/ju/Documents/Github/sharc/sharc/input/imt_dl_ras_luciano.ini

IMT:
	interfered with: False
	direction: DOWNLINK
	frequency: 10.250 GHz
	bandwidth: 100 MHz
	spurious emissions: -13 dBm/MHz
	topology: HOTSPOT
	path loss model: UMi
RAS:
	frequency: 10.650 GHz
	bandwidth: 100 MHz
	path loss model: P452
	antenna pattern: OMNI

Simulation is running...
Snapshot #10
Snapshot #20
Snapshot #30
Snapshot #40
Snapshot #50
Snapshot #60
Snapshot #70
Snapshot #80
Snapshot #90
Snapshot #100
FINISHED!
Elapsed time: 00 h 01 min 32 seg
Loading file:
/home/ju/Documents/Github/sharc/sharc/input/imt_dl_ras_luciano.ini

IMT:
	interfered with: False
	direction: DOWNLINK
	frequency: 10.250 GHz
	bandwidth: 100 MHz
	spurious emissions: -13 dBm/MHz
	topology: HOTSPOT
	path loss model: UMi
RAS:
	frequency: 10.650 GHz
	bandwidth: 100 MHz
	path loss model: P452
	antenna pattern: OMNI

Simulation is running...
Snapshot #10
Snapshot #20
Snapshot #30
Snapshot #40
Snapshot #50
Snapshot #60
Snapshot #70
Snapshot #80
Snapshot #90
Snapshot #100
FINISHED!
Elapsed time: 00 h 01 min 36 seg
Ready to run!

Loading file:
/home/ju/Documents/Github/sharc/sharc/input/imt_dl_ras_luciano.ini

IMT:
	interfered with: False
	direction: DOWNLINK
	frequency: 10.250 GHz
	bandwidth: 250 MHz
	spurious emissions: -13 dBm/MHz
	topology: HOTSPOT
	path loss model: UMi
RAS:
	frequency: 10.650 GHz
	bandwidth: 100 MHz
	path loss model: P452
	antenna pattern: OMNI

Simulation is running...
Snapshot #10
Snapshot #20
Snapshot #30
Snapshot #40
Snapshot #50
Snapshot #60
Snapshot #70
Snapshot #80
Snapshot #90
Snapshot #100
FINISHED!
Elapsed time: 00 h 01 min 34 seg
Loading file:
/home/ju/Documents/Github/sharc/sharc/input/imt_dl_ras_luciano.ini

IMT:
	interfered with: False
	direction: DOWNLINK
	frequency: 10.250 GHz
	bandwidth: 250 MHz
	spurious emissions: -13 dBm/MHz
	topology: HOTSPOT
	path loss model: UMi
RAS:
	frequency: 10.650 GHz
	bandwidth: 100 MHz
	path loss model: P452
	antenna pattern: OMNI

Simulation is running...
Snapshot #10
Snapshot #20
Snapshot #30
Snapshot #40
Snapshot #50
Snapshot #60
Snapshot #70
Snapshot #80
Snapshot #90
Snapshot #100
FINISHED!
Elapsed time: 00 h 01 min 17 seg
Loading file:
/home/ju/Documents/Github/sharc/sharc/input/imt_dl_ras_luciano.ini

IMT:
	interfered with: False
	direction: DOWNLINK
	frequency: 10.250 GHz
	bandwidth: 250 MHz
	spurious emissions: -13 dBm/MHz
	topology: HOTSPOT
	path loss model: UMi
RAS:
	frequency: 10.650 GHz
	bandwidth: 100 MHz
	path loss model: P452
	antenna pattern: OMNI

Simulation is running...
Snapshot #10
Snapshot #20
Snapshot #30
Snapshot #40
Snapshot #50
Snapshot #60
Snapshot #70
Snapshot #80
Snapshot #90
Snapshot #100
FINISHED!
Elapsed time: 00 h 01 min 24 seg
Loading file:
/home/ju/Documents/Github/sharc/sharc/input/imt_dl_ras_luciano.ini

IMT:
	interfered with: False
	direction: DOWNLINK
	frequency: 10.250 GHz
	bandwidth: 250 MHz
	spurious emissions: -13 dBm/MHz
	topology: HOTSPOT
	path loss model: UMi
RAS:
	frequency: 10.650 GHz
	bandwidth: 100 MHz
	path loss model: P452
	antenna pattern: OMNI

Simulation is running...
Snapshot #10
Snapshot #20
Snapshot #30
Snapshot #40
Snapshot #50
Snapshot #60
Snapshot #70
Snapshot #80
Snapshot #90
Snapshot #100
FINISHED!
Elapsed time: 00 h 01 min 19 seg
Loading file:
/home/ju/Documents/Github/sharc/sharc/input/imt_dl_ras_luciano.ini

IMT:
	interfered with: False
	direction: DOWNLINK
	frequency: 10.250 GHz
	bandwidth: 250 MHz
	spurious emissions: -13 dBm/MHz
	topology: HOTSPOT
	path loss model: UMi
RAS:
	frequency: 10.650 GHz
	bandwidth: 100 MHz
	path loss model: P452
	antenna pattern: OMNI

Simulation is running...
Snapshot #10
Snapshot #20
Snapshot #30
Snapshot #40
Snapshot #50
Snapshot #60
Snapshot #70
Snapshot #80
Snapshot #90
Snapshot #100
FINISHED!
Elapsed time: 00 h 00 min 58 seg
Loading file:
/home/ju/Documents/Github/sharc/sharc/input/imt_dl_ras_luciano.ini

IMT:
	interfered with: False
	direction: DOWNLINK
	frequency: 10.250 GHz
	bandwidth: 250 MHz
	spurious emissions: -13 dBm/MHz
	topology: HOTSPOT
	path loss model: UMi
RAS:
	frequency: 10.650 GHz
	bandwidth: 100 MHz
	path loss model: P452
	antenna pattern: OMNI

Simulation is running...
Snapshot #10
Snapshot #20
Snapshot #30
Snapshot #40
Snapshot #50
Snapshot #60
Snapshot #70
Snapshot #80
Snapshot #90
Snapshot #100
FINISHED!
Elapsed time: 00 h 01 min 22 seg
Loading file:
/home/ju/Documents/Github/sharc/sharc/input/imt_dl_ras_luciano.ini

IMT:
	interfered with: False
	direction: DOWNLINK
	frequency: 10.250 GHz
	bandwidth: 250 MHz
	spurious emissions: -13 dBm/MHz
	topology: HOTSPOT
	path loss model: UMi
RAS:
	frequency: 10.650 GHz
	bandwidth: 100 MHz
	path loss model: P452
	antenna pattern: OMNI

Simulation is running...
Snapshot #10
Snapshot #20
Snapshot #30
Snapshot #40
Snapshot #50
Snapshot #60
Snapshot #70
Snapshot #80
Snapshot #90
Snapshot #100
FINISHED!
Elapsed time: 00 h 01 min 16 seg
Loading file:
/home/ju/Documents/Github/sharc/sharc/input/imt_dl_ras_luciano.ini

IMT:
	interfered with: False
	direction: DOWNLINK
	frequency: 10.250 GHz
	bandwidth: 250 MHz
	spurious emissions: -30 dBm/MHz
	topology: HOTSPOT
	path loss model: UMi
RAS:
	frequency: 10.650 GHz
	bandwidth: 100 MHz
	path loss model: P452
	antenna pattern: OMNI

Simulation is running...
Snapshot #10
Snapshot #20
Snapshot #30
Snapshot #40
Snapshot #50
Snapshot #60
Snapshot #70
Snapshot #80
Snapshot #90
Snapshot #100
FINISHED!
Elapsed time: 00 h 01 min 19 seg
Loading file:
/home/ju/Documents/Github/sharc/sharc/input/imt_dl_ras_luciano.ini

IMT:
	interfered with: False
	direction: DOWNLINK
	frequency: 10.250 GHz
	bandwidth: 500 MHz
	spurious emissions: -13 dBm/MHz
	topology: HOTSPOT
	path loss model: UMi
RAS:
	frequency: 10.650 GHz
	bandwidth: 100 MHz
	path loss model: P452
	antenna pattern: OMNI

Simulation is running...
Snapshot #10
Snapshot #20
Snapshot #30
Snapshot #40
Snapshot #50
Snapshot #60
Snapshot #70
Snapshot #80
Snapshot #90
Snapshot #100
FINISHED!
Elapsed time: 00 h 01 min 19 seg
Loading file:
/home/ju/Documents/Github/sharc/sharc/input/imt_dl_ras_luciano.ini

IMT:
	interfered with: False
	direction: DOWNLINK
	frequency: 10.250 GHz
	bandwidth: 500 MHz
	spurious emissions: -13 dBm/MHz
	topology: HOTSPOT
	path loss model: UMi
RAS:
	frequency: 10.650 GHz
	bandwidth: 100 MHz
	path loss model: P452
	antenna pattern: OMNI

Simulation is running...
Snapshot #10
Snapshot #20
Snapshot #30
Snapshot #40
Snapshot #50
Snapshot #60
Snapshot #70
Snapshot #80
Snapshot #90
Snapshot #100
FINISHED!
Elapsed time: 00 h 01 min 20 seg
Loading file:
/home/ju/Documents/Github/sharc/sharc/input/imt_dl_ras_luciano.ini

IMT:
	interfered with: False
	direction: DOWNLINK
	frequency: 10.250 GHz
	bandwidth: 500 MHz
	spurious emissions: -13 dBm/MHz
	topology: HOTSPOT
	path loss model: UMi
RAS:
	frequency: 10.650 GHz
	bandwidth: 100 MHz
	path loss model: P452
	antenna pattern: OMNI

Simulation is running...
Snapshot #10
Snapshot #20
Snapshot #30
Snapshot #40
Snapshot #50
Snapshot #60
Snapshot #70
Snapshot #80
Snapshot #90
Snapshot #100
FINISHED!
Elapsed time: 00 h 01 min 20 seg
Loading file:
/home/ju/Documents/Github/sharc/sharc/input/imt_dl_ras_luciano.ini

IMT:
	interfered with: False
	direction: DOWNLINK
	frequency: 10.250 GHz
	bandwidth: 500 MHz
	spurious emissions: -13 dBm/MHz
	topology: HOTSPOT
	path loss model: UMi
RAS:
	frequency: 10.650 GHz
	bandwidth: 100 MHz
	path loss model: P452
	antenna pattern: OMNI

Simulation is running...
Snapshot #10
Snapshot #20
Snapshot #30
Snapshot #40
Snapshot #50
Snapshot #60
Snapshot #70
Snapshot #80
Snapshot #90
Snapshot #100
FINISHED!
Elapsed time: 00 h 01 min 25 seg
Loading file:
/home/ju/Documents/Github/sharc/sharc/input/imt_dl_ras_luciano.ini

IMT:
	interfered with: False
	direction: DOWNLINK
	frequency: 10.250 GHz
	bandwidth: 500 MHz
	spurious emissions: -13 dBm/MHz
	topology: HOTSPOT
	path loss model: UMi
RAS:
	frequency: 10.650 GHz
	bandwidth: 100 MHz
	path loss model: P452
	antenna pattern: OMNI

Simulation is running...
Snapshot #10
Snapshot #20
Snapshot #30
Snapshot #40
Snapshot #50
Snapshot #60
Snapshot #70
Snapshot #80
Snapshot #90
Snapshot #100
FINISHED!
Elapsed time: 00 h 01 min 16 seg
Loading file:
/home/ju/Documents/Github/sharc/sharc/input/imt_dl_ras_luciano.ini

IMT:
	interfered with: False
	direction: DOWNLINK
	frequency: 10.250 GHz
	bandwidth: 500 MHz
	spurious emissions: -13 dBm/MHz
	topology: HOTSPOT
	path loss model: UMi
RAS:
	frequency: 10.650 GHz
	bandwidth: 100 MHz
	path loss model: P452
	antenna pattern: OMNI

Simulation is running...
Snapshot #10
Snapshot #20
Snapshot #30
Snapshot #40
Snapshot #50
Snapshot #60
Snapshot #70
Snapshot #80
Snapshot #90
Snapshot #100
FINISHED!
Elapsed time: 00 h 01 min 28 seg
Loading file:
/home/ju/Documents/Github/sharc/sharc/input/imt_dl_ras_luciano.ini

IMT:
	interfered with: False
	direction: DOWNLINK
	frequency: 10.250 GHz
	bandwidth: 500 MHz
	spurious emissions: -13 dBm/MHz
	topology: HOTSPOT
	path loss model: UMi
RAS:
	frequency: 10.650 GHz
	bandwidth: 100 MHz
	path loss model: P452
	antenna pattern: OMNI

Simulation is running...
Snapshot #10
Snapshot #20
Snapshot #30
Snapshot #40
Snapshot #50
Snapshot #60
Snapshot #70
Snapshot #80
Snapshot #90
Snapshot #100
FINISHED!
Elapsed time: 00 h 01 min 27 seg
Loading file:
/home/ju/Documents/Github/sharc/sharc/input/imt_dl_ras_luciano.ini

IMT:
	interfered with: False
	direction: DOWNLINK
	frequency: 10.250 GHz
	bandwidth: 500 MHz
	spurious emissions: -13 dBm/MHz
	topology: HOTSPOT
	path loss model: UMi
RAS:
	frequency: 10.650 GHz
	bandwidth: 100 MHz
	path loss model: P452
	antenna pattern: OMNI

Simulation is running...
Snapshot #10
Snapshot #20
Snapshot #30
Snapshot #40
Snapshot #50
Snapshot #60
Snapshot #70
Snapshot #80
Snapshot #90
Snapshot #100
FINISHED!
Elapsed time: 00 h 01 min 29 seg
Loading file:
/home/ju/Documents/Github/sharc/sharc/input/imt_dl_ras_luciano.ini

IMT:
	interfered with: False
	direction: DOWNLINK
	frequency: 10.250 GHz
	bandwidth: 500 MHz
	spurious emissions: -13 dBm/MHz
	topology: HOTSPOT
	path loss model: UMi
RAS:
	frequency: 10.650 GHz
	bandwidth: 100 MHz
	path loss model: P452
	antenna pattern: OMNI

Simulation is running...
Snapshot #10
Snapshot #20
Snapshot #30
Snapshot #40
Snapshot #50
Snapshot #60
Snapshot #70
Snapshot #80
Snapshot #90
Snapshot #100
FINISHED!
Elapsed time: 00 h 01 min 23 seg
Loading file:
/home/ju/Documents/Github/sharc/sharc/input/imt_dl_ras_luciano.ini

IMT:
	interfered with: False
	direction: DOWNLINK
	frequency: 10.250 GHz
	bandwidth: 500 MHz
	spurious emissions: -13 dBm/MHz
	topology: HOTSPOT
	path loss model: UMi
RAS:
	frequency: 10.650 GHz
	bandwidth: 100 MHz
	path loss model: P452
	antenna pattern: OMNI

Simulation is running...
Snapshot #10
Snapshot #20
Snapshot #30
Snapshot #40
Snapshot #50
Snapshot #60
Snapshot #70
Snapshot #80
Snapshot #90
Snapshot #100
FINISHED!
Elapsed time: 00 h 01 min 30 seg
Loading file:
/home/ju/Documents/Github/sharc/sharc/input/imt_dl_ras_luciano.ini

IMT:
	interfered with: False
	direction: DOWNLINK
	frequency: 10.250 GHz
	bandwidth: 500 MHz
	spurious emissions: -13 dBm/MHz
	topology: HOTSPOT
	path loss model: UMi
RAS:
	frequency: 10.650 GHz
	bandwidth: 100 MHz
	path loss model: P452
	antenna pattern: OMNI

Simulation is running...
Snapshot #10
Snapshot #20
Snapshot #30
Snapshot #40
Snapshot #50
Snapshot #60
Snapshot #70
Snapshot #80
Snapshot #90
Snapshot #100
FINISHED!
Elapsed time: 00 h 01 min 22 seg
Loading file:
/home/ju/Documents/Github/sharc/sharc/input/imt_dl_ras_luciano.ini

IMT:
	interfered with: False
	direction: DOWNLINK
	frequency: 10.250 GHz
	bandwidth: 500 MHz
	spurious emissions: -13 dBm/MHz
	topology: HOTSPOT
	path loss model: UMi
RAS:
	frequency: 10.650 GHz
	bandwidth: 100 MHz
	path loss model: P452
	antenna pattern: OMNI

Simulation is running...
Snapshot #10
Snapshot #20
Snapshot #30
Snapshot #40
Snapshot #50
Snapshot #60
Snapshot #70
Snapshot #80
Snapshot #90
Snapshot #100
FINISHED!
Elapsed time: 00 h 01 min 28 seg
Loading file:
/home/ju/Documents/Github/sharc/sharc/input/imt_dl_ras_luciano.ini

IMT:
	interfered with: False
	direction: DOWNLINK
	frequency: 10.250 GHz
	bandwidth: 500 MHz
	spurious emissions: -13 dBm/MHz
	topology: HOTSPOT
	path loss model: UMi
RAS:
	frequency: 10.650 GHz
	bandwidth: 100 MHz
	path loss model: P452
	antenna pattern: OMNI

Simulation is running...
Snapshot #10
Snapshot #20
Snapshot #30
Snapshot #40
Snapshot #50
Snapshot #60
Snapshot #70
Snapshot #80
Snapshot #90
Snapshot #100
Snapshot #110
Snapshot #120
Snapshot #130
Snapshot #140
Snapshot #150
Snapshot #160
Snapshot #170
Snapshot #180
Snapshot #190
Snapshot #200
Snapshot #210
Snapshot #220
Snapshot #230
Snapshot #240
Snapshot #250
Snapshot #260
Snapshot #270
Snapshot #280
Snapshot #290
Snapshot #300
Snapshot #310
Snapshot #320
Snapshot #330
Snapshot #340
Snapshot #350
Snapshot #360
Snapshot #370
Snapshot #380
Snapshot #390
Snapshot #400
Snapshot #410
Snapshot #420
Snapshot #430
Snapshot #440
Snapshot #450
Snapshot #460
Snapshot #470
Snapshot #480
Snapshot #490
Snapshot #500
Snapshot #510
Snapshot #520
Snapshot #530
Snapshot #540
Snapshot #550
Snapshot #560
Snapshot #570
Snapshot #580
Snapshot #590
Snapshot #600
Snapshot #610
Snapshot #620
Snapshot #630
Snapshot #640
Snapshot #650
Snapshot #660
Snapshot #670
Snapshot #680
Snapshot #690
Snapshot #700
Snapshot #710
Snapshot #720
Snapshot #730
Snapshot #740
Snapshot #750
Snapshot #760
Snapshot #770
Snapshot #780
Snapshot #790
Snapshot #800
Snapshot #810
Snapshot #820
Snapshot #830
Snapshot #840
Snapshot #850
Snapshot #860
Snapshot #870
Snapshot #880
Snapshot #890
Snapshot #900
Snapshot #910
Snapshot #920
Snapshot #930
Snapshot #940
Snapshot #950
Snapshot #960
Snapshot #970
Snapshot #980
Snapshot #990
Snapshot #1000
FINISHED!
Elapsed time: 00 h 13 min 52 seg
Loading file:
/home/ju/Documents/Github/sharc/sharc/input/imt_dl_ras_luciano.ini

IMT:
	interfered with: False
	direction: DOWNLINK
	frequency: 10.250 GHz
	bandwidth: 500 MHz
	spurious emissions: -13 dBm/MHz
	topology: HOTSPOT
	path loss model: UMi
RAS:
	frequency: 10.650 GHz
	bandwidth: 100 MHz
	path loss model: P452
	antenna pattern: OMNI

Simulation is running...
Snapshot #10
Snapshot #20
Snapshot #30
Snapshot #40
Snapshot #50
Snapshot #60
Snapshot #70
Snapshot #80
Snapshot #90
Snapshot #100
FINISHED!
Elapsed time: 00 h 01 min 32 seg
Loading file:
/home/ju/Documents/Github/sharc/sharc/input/imt_dl_ras_luciano.ini

IMT:
	interfered with: False
	direction: DOWNLINK
	frequency: 10.250 GHz
	bandwidth: 500 MHz
	spurious emissions: -13 dBm/MHz
	topology: HOTSPOT
	path loss model: UMi
RAS:
	frequency: 10.650 GHz
	bandwidth: 100 MHz
	path loss model: P452
	antenna pattern: OMNI

Simulation is running...
Snapshot #10
Snapshot #20
Snapshot #30
Snapshot #40
Snapshot #50
Snapshot #60
Snapshot #70
Snapshot #80
Snapshot #90
Snapshot #100
FINISHED!
Elapsed time: 00 h 01 min 08 seg
Ready to run!

Loading file:
/home/ju/Documents/Github/sharc/sharc/input/imt_dl_ras_luciano.ini

IMT:
	interfered with: False
	direction: DOWNLINK
	frequency: 10.250 GHz
	bandwidth: 500 MHz
	spurious emissions: -13 dBm/MHz
	topology: HOTSPOT
	path loss model: UMi
RAS:
	frequency: 10.650 GHz
	bandwidth: 100 MHz
	path loss model: P452
	antenna pattern: OMNI

Simulation is running...
Snapshot #10
Snapshot #20
Snapshot #30
Snapshot #40
Snapshot #50
Snapshot #60
Snapshot #70
Snapshot #80
Snapshot #90
Snapshot #100
FINISHED!
Elapsed time: 00 h 01 min 36 seg
Loading file:
/home/ju/Documents/Github/sharc/sharc/input/imt_dl_ras_luciano.ini

IMT:
	interfered with: False
	direction: DOWNLINK
	frequency: 10.250 GHz
	bandwidth: 500 MHz
	spurious emissions: -13 dBm/MHz
	topology: HOTSPOT
	path loss model: UMi
RAS:
	frequency: 10.650 GHz
	bandwidth: 100 MHz
	path loss model: P452
	antenna pattern: OMNI

Simulation is running...
Snapshot #10
Snapshot #20
Snapshot #30
Snapshot #40
Snapshot #50
Snapshot #60
Snapshot #70
Snapshot #80
Snapshot #90
Snapshot #100
FINISHED!
Elapsed time: 00 h 01 min 44 seg
Loading file:
/home/ju/Documents/Github/sharc/sharc/input/imt_dl_ras_luciano.ini

IMT:
	interfered with: False
	direction: DOWNLINK
	frequency: 10.250 GHz
	bandwidth: 100 MHz
	spurious emissions: -13 dBm/MHz
	topology: HOTSPOT
	path loss model: UMi
RAS:
	frequency: 10.650 GHz
	bandwidth: 100 MHz
	path loss model: P452
	antenna pattern: OMNI

Simulation is running...
Snapshot #10
Snapshot #20
Snapshot #30
Snapshot #40
Snapshot #50
Snapshot #60
Snapshot #70
Snapshot #80
Snapshot #90
Snapshot #100
FINISHED!
Elapsed time: 00 h 01 min 23 seg
Ready to run!

Loading file:
/home/ju/Documents/Github/sharc/sharc/campaigns/imt_hibs_ras_2600_MHz/input/parameters_hibs_ras_2600_MHz_90km.ini
Loading file:
/home/ju/Documents/Github/sharc/sharc/campaigns/imt_hibs_ras_2600_MHz/input/parameters_hibs_ras_2600_MHz_500km.ini

IMT:
	interfered with: False
	direction: DOWNLINK
	frequency: 2.680 GHz
	bandwidth: 20 MHz
	spurious emissions: -13 dBm/MHz
	topology: NTN
	path loss model: P619
RAS:
	frequency: 2.695 GHz
	bandwidth: 10 MHz
	path loss model: P619
	antenna pattern: OMNI

Simulation is running...

IMT:
	interfered with: False
	direction: DOWNLINK
	frequency: 2.680 GHz
	bandwidth: 20 MHz
	spurious emissions: -13 dBm/MHz
	topology: NTN
	path loss model: P619
RAS:
	frequency: 2.695 GHz
	bandwidth: 10 MHz
	path loss model: P619
	antenna pattern: OMNI

Simulation is running...
Loading file:
/home/ju/Documents/Github/sharc/sharc/campaigns/imt_hibs_ras_2600_MHz/input/parameters_hibs_ras_2600_MHz_0km.ini
Loading file:
/home/ju/Documents/Github/sharc/sharc/campaigns/imt_hibs_ras_2600_MHz/input/parameters_hibs_ras_2600_MHz_45km.ini

IMT:
	interfered with: False
	direction: DOWNLINK
	frequency: 2.680 GHz
	bandwidth: 20 MHz
	spurious emissions: -13 dBm/MHz
	topology: NTN
	path loss model: P619
RAS:
	frequency: 2.695 GHz
	bandwidth: 10 MHz
	path loss model: P619
	antenna pattern: OMNI

Simulation is running...

IMT:
	interfered with: False
	direction: DOWNLINK
	frequency: 2.680 GHz
	bandwidth: 20 MHz
	spurious emissions: -13 dBm/MHz
	topology: NTN
	path loss model: P619
RAS:
	frequency: 2.695 GHz
	bandwidth: 10 MHz
	path loss model: P619
	antenna pattern: OMNI

Simulation is running...
Snapshot #10
Snapshot #10
Snapshot #20
Snapshot #20
Snapshot #30
Snapshot #30
Snapshot #40
Snapshot #40
Snapshot #50
Snapshot #50
Snapshot #60
Snapshot #60
Snapshot #70
Snapshot #70
Snapshot #80
Snapshot #80
Snapshot #90
Snapshot #90
Snapshot #100
Snapshot #100
Snapshot #110
Snapshot #110
Snapshot #120
Snapshot #120
Snapshot #130
Snapshot #130
Snapshot #140
Snapshot #140
Snapshot #150
Snapshot #150
Snapshot #160
Snapshot #160
Snapshot #170
Snapshot #170
Snapshot #180
Snapshot #180
Snapshot #190
Snapshot #190
Snapshot #200
Snapshot #200
Snapshot #210
Snapshot #210
Snapshot #220
Snapshot #220
Snapshot #230
Snapshot #230
Snapshot #240
Snapshot #240
Snapshot #250
Snapshot #250
Snapshot #260
Snapshot #260
Snapshot #270
Snapshot #270
Snapshot #280
Snapshot #280
Snapshot #290
Snapshot #290
Snapshot #300
Snapshot #300
Snapshot #310
Snapshot #310
Snapshot #320
Snapshot #320
Snapshot #330
Snapshot #330
Snapshot #340
Snapshot #340
Snapshot #350
Snapshot #350
Snapshot #360
Snapshot #360
Snapshot #370
Snapshot #380
Snapshot #370
Snapshot #390
Snapshot #380
Snapshot #400
Snapshot #390
Snapshot #410
Snapshot #400
Snapshot #420
Snapshot #410
Snapshot #430
Snapshot #420
Snapshot #440
Snapshot #430
Snapshot #450
Snapshot #440
Snapshot #460
Snapshot #450
Snapshot #470
Snapshot #460
Snapshot #480
Snapshot #470
Snapshot #490
Snapshot #480
Snapshot #500
Snapshot #490
Snapshot #510
Snapshot #500
Snapshot #520
Snapshot #510
Snapshot #530
Snapshot #520
Snapshot #540
Snapshot #530
Snapshot #550
Snapshot #540
Snapshot #560
Snapshot #550
Snapshot #570
Snapshot #560
Snapshot #580
Snapshot #570
Snapshot #590
Snapshot #580
Snapshot #600
Snapshot #590
Snapshot #610
Snapshot #600
Snapshot #620
Snapshot #610
Snapshot #630
Snapshot #620
Snapshot #640
Snapshot #630
Snapshot #650
Snapshot #640
Snapshot #660
Snapshot #650
Snapshot #670
Snapshot #660
Snapshot #680
Snapshot #670
Snapshot #690
Snapshot #680
Snapshot #700
Snapshot #690
Snapshot #710
Snapshot #700
Snapshot #720
Snapshot #710
Snapshot #730
Snapshot #720
Snapshot #740
Snapshot #730
Snapshot #750
Snapshot #740
Snapshot #760
Snapshot #750
Snapshot #770
Snapshot #760
Snapshot #780
Snapshot #770
Snapshot #790
Snapshot #780
Snapshot #800
Snapshot #790
Snapshot #810
Snapshot #800
Snapshot #820
Snapshot #810
Snapshot #830
Snapshot #820
Snapshot #840
Snapshot #830
Snapshot #850
Snapshot #840
Snapshot #860
Snapshot #850
Snapshot #870
Snapshot #860
Snapshot #880
Snapshot #870
Snapshot #890
Snapshot #880
Snapshot #900
Snapshot #890
Snapshot #910
Snapshot #900
Snapshot #920
Snapshot #910
Snapshot #930
Snapshot #920
Snapshot #940
Snapshot #930
Snapshot #950
Snapshot #940
Snapshot #960
Snapshot #950
Snapshot #970
Snapshot #960
Snapshot #980
Snapshot #970
Snapshot #990
Snapshot #980
Snapshot #1000
FINISHED!
Elapsed time: 00 h 00 min 41 seg
Snapshot #990
Snapshot #1000
FINISHED!
Elapsed time: 00 h 00 min 42 seg
Loading file:
/home/ju/Documents/Github/sharc/sharc/campaigns/imt_dl_ras_10000_MHz/
Loading file:
/home/ju/Documents/Github/sharc/sharc/campaigns/imt_dl_ras_10000_MHz/input/
Loading file:
/home/ju/Documents/Github/sharc/sharc/campaigns/imt_dl_ras_10000_MHz/input/parameters_hibs_ras_2600_MHz_0km.ini

IMT:
	interfered with: False
	direction: DOWNLINK
	frequency: 2.680 GHz
	bandwidth: 20 MHz
	spurious emissions: -13 dBm/MHz
	topology: NTN
	path loss model: P619
RAS:
	frequency: 2.695 GHz
	bandwidth: 10 MHz
	path loss model: P619
	antenna pattern: OMNI

Simulation is running...
Snapshot #10
Snapshot #20
Snapshot #30
Snapshot #40
Snapshot #50
Snapshot #60
Snapshot #70
Snapshot #80
Snapshot #90
Snapshot #100
FINISHED!
Elapsed time: 00 h 00 min 02 seg
Loading file:
/home/ju/Documents/Github/sharc/sharc/campaigns/imt_dl_ras_10000_MHz/input/parameters_hibs_ras_2600_MHz_0km.ini

IMT:
	interfered with: False
	direction: DOWNLINK
	frequency: 2.680 GHz
	bandwidth: 20 MHz
	spurious emissions: -13 dBm/MHz
	topology: NTN
	path loss model: P619
RAS:
	frequency: 2.695 GHz
	bandwidth: 10 MHz
	path loss model: P619
	antenna pattern: OMNI

Simulation is running...
Snapshot #10
Snapshot #20
Snapshot #30
Snapshot #40
Snapshot #50
Snapshot #60
Snapshot #70
Snapshot #80
Snapshot #90
Snapshot #100
FINISHED!
Elapsed time: 00 h 00 min 02 seg
Loading file:
/home/ju/Documents/Github/sharc/sharc/campaigns/imt_dl_ras_10000_MHz/input/parameters_hibs_ras_2600_MHz_45km.ini

IMT:
	interfered with: False
	direction: DOWNLINK
	frequency: 2.680 GHz
	bandwidth: 20 MHz
	spurious emissions: -13 dBm/MHz
	topology: NTN
	path loss model: P619
RAS:
	frequency: 2.695 GHz
	bandwidth: 10 MHz
	path loss model: P619
	antenna pattern: OMNI

Simulation is running...
Snapshot #10
Snapshot #20
Snapshot #30
Snapshot #40
Snapshot #50
Snapshot #60
Snapshot #70
Snapshot #80
Snapshot #90
Snapshot #100
FINISHED!
Elapsed time: 00 h 00 min 02 seg
Loading file:
/home/ju/Documents/Github/sharc/sharc/campaigns/imt_dl_ras_10000_MHz/input/parameters_hibs_ras_2600_MHz_90km.ini

IMT:
	interfered with: False
	direction: DOWNLINK
	frequency: 2.680 GHz
	bandwidth: 20 MHz
	spurious emissions: -13 dBm/MHz
	topology: NTN
	path loss model: P619
RAS:
	frequency: 2.695 GHz
	bandwidth: 10 MHz
	path loss model: P619
	antenna pattern: OMNI

Simulation is running...
Loading file:
/home/ju/Documents/Github/sharc/sharc/campaigns/imt_dl_ras_10000_MHz/input/parameters_hibs_ras_2600_MHz_45km.ini
Loading file:
/home/ju/Documents/Github/sharc/sharc/campaigns/imt_dl_ras_10000_MHz/input/parameters_hibs_ras_2600_MHz_90km.ini
Loading file:
/home/ju/Documents/Github/sharc/sharc/campaigns/imt_dl_ras_10000_MHz/input/parameters_hibs_ras_2600_MHz_0km.ini
Loading file:
/home/ju/Documents/Github/sharc/sharc/campaigns/imt_dl_ras_10000_MHz/input/parameters_hibs_ras_2600_MHz_500km.ini

IMT:
	interfered with: False
	direction: DOWNLINK
	frequency: 2.680 GHz
	bandwidth: 20 MHz
	spurious emissions: -13 dBm/MHz
	topology: NTN
	path loss model: P619
RAS:
	frequency: 2.695 GHz
	bandwidth: 10 MHz
	path loss model: P619
	antenna pattern: OMNI

Simulation is running...

IMT:
	interfered with: False
	direction: DOWNLINK
	frequency: 2.680 GHz
	bandwidth: 20 MHz
	spurious emissions: -13 dBm/MHz
	topology: NTN
	path loss model: P619
RAS:
	frequency: 2.695 GHz
	bandwidth: 10 MHz
	path loss model: P619
	antenna pattern: OMNI

Simulation is running...

IMT:
	interfered with: False
	direction: DOWNLINK
	frequency: 2.680 GHz
	bandwidth: 20 MHz
	spurious emissions: -13 dBm/MHz
	topology: NTN
	path loss model: P619
RAS:
	frequency: 2.695 GHz
	bandwidth: 10 MHz
	path loss model: P619
	antenna pattern: OMNI

Simulation is running...

IMT:
	interfered with: False
	direction: DOWNLINK
	frequency: 2.680 GHz
	bandwidth: 20 MHz
	spurious emissions: -13 dBm/MHz
	topology: NTN
	path loss model: P619
RAS:
	frequency: 2.695 GHz
	bandwidth: 10 MHz
	path loss model: P619
	antenna pattern: OMNI

Simulation is running...
Snapshot #10
Snapshot #10
Snapshot #20
Snapshot #20
Snapshot #30
Snapshot #30
Snapshot #40
Snapshot #40
Snapshot #50
Snapshot #50
Snapshot #60
Snapshot #60
Snapshot #70
Snapshot #70
Snapshot #80
Snapshot #80
Snapshot #90
Snapshot #90
Snapshot #100
FINISHED!
Elapsed time: 00 h 00 min 02 seg
Snapshot #100
FINISHED!
Elapsed time: 00 h 00 min 02 seg
Ready to run!

